2023-10-30 11:08:00 ****
2023-10-30 11:08:00 **** FUNCTION STARTS
2023-10-30 11:08:00 ****
2023-10-30 11:08:00 ---> Function caller..........: <ScriptBlock>
2023-10-30 11:08:00 ---> xml skeleton file........: loaded successfully
2023-10-30 11:08:00 ---> Recovering GPOs data from xml file : success
2023-10-30 11:08:00 ---> GPO HAD-Auto-Update-S1-Thu-0h-Srv already exists.
2023-10-30 11:08:00 ---> GPO HAD-Auto-Update-S1-Thu-1h-Srv already exists.
2023-10-30 11:08:00 ---> GPO HAD-Auto-Update-S3-Thu-0h-Srv already exists.
2023-10-30 11:08:00 ---> GPO HAD-Auto-Update-S3-Thu-1h-Srv already exists.
2023-10-30 11:08:00 ---> GPO HAD-Auto-Update-S4-Thu-0h-Srv already exists.
2023-10-30 11:08:00 ---> GPO HAD-Auto-Update-S4-Thu-1h-Srv already exists.
2023-10-30 11:08:00 ---> GPO HAD-Auto-Update-Win10-11 already exists.
2023-10-30 11:08:00 ---> GPO HAD-Auto-Update-Win7-8 already exists.
2023-10-30 11:08:00  
2023-10-30 11:08:00 ---> Creating GPO HAD-BitLocker-TPMOnly-Enabled-Win10-11
2023-10-30 11:08:01 ---> GPO HAD-BitLocker-TPMOnly-Enabled-Win10-11 has been created.
2023-10-30 11:08:01 ---> Trying to import datas of GPO HAD-BitLocker-TPMOnly-Enabled-Win10-11 :
2023-10-30 11:08:01 ---> Importing datas of GPO without translated.migtable
2023-10-30 11:08:01 ---! Failed to import Datas of GPO HAD-BitLocker-TPMOnly-Enabled-Win10-11
2023-10-30 11:08:03 ---> Deny permission has been applied on GPO HAD-BitLocker-TPMOnly-Enabled-Win10-11
2023-10-30 11:08:04 ---> Apply permission has been applied on HAD-BitLocker-TPMOnly-Enabled-Win10-11
2023-10-30 11:08:04 ---> Permission for authenticated users has been reset on HAD-BitLocker-TPMOnly-Enabled-Win10-11
2023-10-30 11:08:04 ---> GPO HAD-BitLocker-TPMOnly-Enabled-Win10-11 has been linked to OU OU=Workstations,OU=Harden_T0,DC=harden,DC=lab
2023-10-30 11:08:04 ---> GPO HAD-BitLocker-TPMOnly-Enabled-Win10-11 has been linked to OU OU=Workstations,OU=Harden_T12,DC=harden,DC=lab
2023-10-30 11:08:04  
2023-10-30 11:08:04 ---> Creating GPO HAD-BitLocker-PIN-Enabled-Win10-11
2023-10-30 11:08:04 ---> GPO HAD-BitLocker-PIN-Enabled-Win10-11 has been created.
2023-10-30 11:08:04 ---> Trying to import datas of GPO HAD-BitLocker-PIN-Enabled-Win10-11 :
2023-10-30 11:08:04 ---> Importing datas of GPO without translated.migtable
2023-10-30 11:08:04 ---! Failed to import Datas of GPO HAD-BitLocker-PIN-Enabled-Win10-11
2023-10-30 11:08:05 ---> Deny permission has been applied on GPO HAD-BitLocker-PIN-Enabled-Win10-11
2023-10-30 11:08:05 ---> Apply permission has been applied on HAD-BitLocker-PIN-Enabled-Win10-11
2023-10-30 11:08:05 ---> Permission for authenticated users has been reset on HAD-BitLocker-PIN-Enabled-Win10-11
2023-10-30 11:08:05 ---> GPO HAD-BitLocker-PIN-Enabled-Win10-11 has been linked to OU OU=Workstations,OU=Harden_T0,DC=harden,DC=lab
2023-10-30 11:08:05 ---> GPO HAD-BitLocker-PIN-Enabled-Win10-11 has been linked to OU OU=Workstations,OU=Harden_T12,DC=harden,DC=lab
2023-10-30 11:08:05  
2023-10-30 11:08:05 ---> Creating GPO HAD-BitLocker-USB-Win10-11
2023-10-30 11:08:05 ---> GPO HAD-BitLocker-USB-Win10-11 has been created.
2023-10-30 11:08:05 ---> Trying to import datas of GPO HAD-BitLocker-USB-Win10-11 :
2023-10-30 11:08:05 ---> Importing datas of GPO without translated.migtable
2023-10-30 11:08:05 ---> Success
2023-10-30 11:08:05 ---> Datas of GPO HAD-BitLocker-USB-Win10-11 has been imported.
2023-10-30 11:08:06 ---> WMI Filter of GPO HAD-BitLocker-USB-Win10-11 has been set.
2023-10-30 11:08:06 ---> Deny permission has been applied on GPO HAD-BitLocker-USB-Win10-11
2023-10-30 11:08:06 ---> Apply permission has been applied on HAD-BitLocker-USB-Win10-11
2023-10-30 11:08:06 ---> Permission for authenticated users has been reset on HAD-BitLocker-USB-Win10-11
2023-10-30 11:08:06 ---> GPO HAD-BitLocker-USB-Win10-11 has been linked to OU OU=Workstations,OU=Harden_T0,DC=harden,DC=lab
2023-10-30 11:08:06 ---> GPO HAD-BitLocker-USB-Win10-11 has been linked to OU OU=Workstations,OU=Harden_T12,DC=harden,DC=lab
2023-10-30 11:08:06 ---> GPO HAD-BloodHound-Mitigation already exists.
2023-10-30 11:08:06 ---> GPO HAD-Camera-on-lockon-Disabled already exists.
2023-10-30 11:08:06 ---> GPO HAD-DCLocaltor-Configuration already exists.
2023-10-30 11:08:06 ---> GPO HAD-DistributedFileSystem-Disabled already exists.
2023-10-30 11:08:06 ---> GPO HAD-FIPS-Enabled already exists.
2023-10-30 11:08:06 ---> GPO HAD-Firewall-Audit-Only already exists.
2023-10-30 11:08:06 ---> GPO HAD-Firewall-Block-Inbound already exists.
2023-10-30 11:08:06 ---> GPO HAD-GPO-Refresh-Cycle already exists.
2023-10-30 11:08:06 ---> GPO HAD-IPv6-Disabled already exists.
2023-10-30 11:08:06 ---> GPO HAD-Kerberos-AES-Enabled already exists.
2023-10-30 11:08:06 ---> GPO HAD-LAPS-Configuration already exists.
2023-10-30 11:08:06 ---> GPO HAD-LAPS-X64-Deployment already exists.
2023-10-30 11:08:06 ---> GPO HAD-LAPS-X86-Deployment already exists.
2023-10-30 11:08:06 ---> GPO HAD-LDAP-Audit-Enabled already exists.
2023-10-30 11:08:07 ---> GPO HAD-LDAP-CBT-Enabled already exists.
2023-10-30 11:08:07 ---> GPO HAD-LDAP-Client-Signing-Not-Required already exists.
2023-10-30 11:08:07 ---> GPO HAD-LDAP-Client-Signing-Required already exists.
2023-10-30 11:08:07 ---> GPO HAD-LDAP-Server-Signing-Required already exists.
2023-10-30 11:08:07 ---> GPO HAD-LLMNR-Disabled already exists.
2023-10-30 11:08:07 ---> GPO HAD-LMHASH-Disabled already exists.
2023-10-30 11:08:07 ---> GPO HAD-LocalAdmins-Paw already exists.
2023-10-30 11:08:07 ---> GPO HAD-LocalAdmins-PawT0 already exists.
2023-10-30 11:08:07 ---> GPO HAD-LocalAdmins-PawT12L already exists.
2023-10-30 11:08:07 ---> GPO HAD-LocalAdmins-T0-Srv already exists.
2023-10-30 11:08:07 ---> GPO HAD-LocalAdmins-T0-Wks already exists.
2023-10-30 11:08:07 ---> GPO HAD-LocalAdmins-T1 already exists.
2023-10-30 11:08:07 ---> GPO HAD-LocalAdmins-T1L already exists.
2023-10-30 11:08:07 ---> GPO HAD-LocalAdmins-T2 already exists.
2023-10-30 11:08:07 ---> GPO HAD-LocalAdmins-T2L already exists.
2023-10-30 11:08:07 ---> GPO HAD-Local-Accounts-Config already exists.
2023-10-30 11:08:07 ---> GPO HAD-LoginRestrictions-Paw already exists.
2023-10-30 11:08:07 ---> GPO HAD-LoginRestrictions-PawT0 already exists.
2023-10-30 11:08:07 ---> GPO HAD-LoginRestrictions-PawT12L already exists.
2023-10-30 11:08:07 ---> GPO HAD-LoginRestrictions-T0 already exists.
2023-10-30 11:08:07 ---> GPO HAD-LoginRestrictions-T1 already exists.
2023-10-30 11:08:07 ---> GPO HAD-LoginRestrictions-T1L already exists.
2023-10-30 11:08:07 ---> GPO HAD-LoginRestrictions-T2 already exists.
2023-10-30 11:08:07 ---> GPO HAD-LoginRestrictions-T2L already exists.
2023-10-30 11:08:07 ---> GPO HAD-Logon-Cache-0 already exists.
2023-10-30 11:08:07 ---> GPO HAD-Logon-Cache-2 already exists.
2023-10-30 11:08:07 ---> GPO HAD-MSLive-Accounts-Disabled already exists.
2023-10-30 11:08:07 ---> GPO HAD-NBT-NS-Disabled already exists.
2023-10-30 11:08:07 ---> GPO HAD-NTLM-Audit-Enabled already exists.
2023-10-30 11:08:07 ---> GPO HAD-NTLM1-LMx-Disabled already exists.
2023-10-30 11:08:07 ---> GPO HAD-NTLMv2-128bits-Required already exists.
2023-10-30 11:08:07 ---> GPO HAD-PageFile-Shutdown-Cleared already exists.
2023-10-30 11:08:07 ---> GPO HAD-PowerShell-Logs already exists.
2023-10-30 11:08:07 ---> GPO HAD-Print-Spooler-Disabled already exists.
2023-10-30 11:08:07 ---> GPO HAD-Reset-KRBTGT-Password already exists.
2023-10-30 11:08:07 ---> GPO HAD-RDP-Disabled already exists.
2023-10-30 11:08:07 ---> GPO HAD-RDP-Enabled already exists.
2023-10-30 11:08:07 ---> GPO HAD-RDP-NLA-Enabled already exists.
2023-10-30 11:08:07 ---> GPO HAD-Remote-Assistance-Disabled already exists.
2023-10-30 11:08:07 ---> GPO HAD-Screenlock-Enabled already exists.
2023-10-30 11:08:07 ---> GPO HAD-Secure-NetLogon already exists.
2023-10-30 11:08:07 ---> GPO HAD-Security-Logs already exists.
2023-10-30 11:08:07 ---> GPO HAD-Smart-Card-Required already exists.
2023-10-30 11:08:07 ---> GPO HAD-SMB-Signing-Configuration already exists.
2023-10-30 11:08:07 ---> GPO HAD-SMB1-Audit-Enabled already exists.
2023-10-30 11:08:07 ---> GPO HAD-SMB1-Client-Only-Enabled already exists.
2023-10-30 11:08:07 ---> GPO HAD-SMB1-Disabled already exists.
2023-10-30 11:08:07 ---> GPO HAD-SMB1-Enabled already exists.
2023-10-30 11:08:07 ---> GPO HAD-SMB1-Server-Only-Enabled already exists.
2023-10-30 11:08:07 ---> GPO HAD-SSL2-SSL3-Disabled already exists.
2023-10-30 11:08:07 ---> GPO HAD-SSL2-SSL3-Enabled already exists.
2023-10-30 11:08:07 ---> GPO HAD-Svc-Browser-Disabled already exists.
2023-10-30 11:08:07 ---> GPO HAD-Svc-Server-Disabled already exists.
2023-10-30 11:08:07 ---> GPO HAD-TS-Local-admins-groups already exists.
2023-10-30 11:08:07 ---> GPO HAD-TS-PDC-Flush-admin-groups already exists.
2023-10-30 11:08:07 ---> GPO HAD-UAC-Enabled already exists.
2023-10-30 11:08:07 ---> GPO HAD-WDigest-Disabled already exists.
2023-10-30 11:08:07 ---> GPO HAD-Windows-Defender-Config already exists.
2023-10-30 11:08:07 ---> GPO HAD-Windows11-Update-Blocked already exists.
2023-10-30 11:08:07 ---> GPO HAD-WinRM-Basic-Digest-Auth-Disabled already exists.
2023-10-30 11:08:07 ---> GPO HAD-WebProxyAutoDiscovery-Disabled already exists.
2023-10-30 11:08:07 ---> GPO HAD-QwantSearch already exists.
2023-10-30 11:08:07 ---> GPO HAD-LDAP-Audit-Disabled already exists.
2023-10-30 11:08:07 ---> GPO HAD-TLS-1_0-Disabled already exists.
2023-10-30 11:08:07 ---> GPO HAD-TLS-1_0-Enabled already exists.
2023-10-30 11:08:07 ---> GPO HAD-TLS-1_1-Disabled already exists.
2023-10-30 11:08:07 ---> GPO HAD-TLS-1_1-Enabled already exists.
2023-10-30 11:08:07 ---> GPO HAD-TLS-1_2-Disabled already exists.
2023-10-30 11:08:07 ---> GPO HAD-TLS-1_2-Enabled already exists.
2023-10-30 11:08:07 ---> function return RESULT: 0
2023-10-30 11:08:07 ===| INIT  ROTATIVE  LOG 
2023-10-30 11:08:07 ===| STOP  ROTATIVE  LOG 
2023-10-30 11:08:07 **** 
2023-10-30 11:08:07 **** FUNCTION ENDS
2023-10-30 11:08:07 **** 
2023-10-30 12:26:59 ****
2023-10-30 12:26:59 **** FUNCTION STARTS
2023-10-30 12:26:59 ****
2023-10-30 12:26:59 ---> Function caller..........: <ScriptBlock>
2023-10-30 12:26:59 ---> xml skeleton file........: loaded successfully
2023-10-30 12:26:59 ---> Recovering GPOs data from xml file : success
2023-10-30 12:26:59 ---> GPO HAD-Auto-Update-S1-Thu-0h-Srv already exists.
2023-10-30 12:26:59 ---> GPO HAD-Auto-Update-S1-Thu-1h-Srv already exists.
2023-10-30 12:26:59 ---> GPO HAD-Auto-Update-S3-Thu-0h-Srv already exists.
2023-10-30 12:26:59 ---> GPO HAD-Auto-Update-S3-Thu-1h-Srv already exists.
2023-10-30 12:26:59 ---> GPO HAD-Auto-Update-S4-Thu-0h-Srv already exists.
2023-10-30 12:26:59 ---> GPO HAD-Auto-Update-S4-Thu-1h-Srv already exists.
2023-10-30 12:27:00 ---> GPO HAD-Auto-Update-Win10-11 already exists.
2023-10-30 12:27:00 ---> GPO HAD-Auto-Update-Win7-8 already exists.
2023-10-30 12:27:00  
2023-10-30 12:27:00 ---> Creating GPO HAD-BitLocker-TPMOnly-Enabled-Win10-11
2023-10-30 12:27:00 ---> GPO HAD-BitLocker-TPMOnly-Enabled-Win10-11 has been created.
2023-10-30 12:27:00 ---> Trying to import datas of GPO HAD-BitLocker-TPMOnly-Enabled-Win10-11 :
2023-10-30 12:27:00 ---> Importing datas of GPO without translated.migtable
2023-10-30 12:27:00 ---! Failed to import Datas of GPO HAD-BitLocker-TPMOnly-Enabled-Win10-11
2023-10-30 12:27:02 ---> Deny permission has been applied on GPO HAD-BitLocker-TPMOnly-Enabled-Win10-11
2023-10-30 12:27:02 ---> Apply permission has been applied on HAD-BitLocker-TPMOnly-Enabled-Win10-11
2023-10-30 12:27:02 ---> Permission for authenticated users has been reset on HAD-BitLocker-TPMOnly-Enabled-Win10-11
2023-10-30 12:27:03 ---> GPO HAD-BitLocker-TPMOnly-Enabled-Win10-11 has been linked to OU OU=Workstations,OU=Harden_T0,DC=harden,DC=lab
2023-10-30 12:27:03 ---> GPO HAD-BitLocker-TPMOnly-Enabled-Win10-11 has been linked to OU OU=Workstations,OU=Harden_T12,DC=harden,DC=lab
2023-10-30 12:27:03  
2023-10-30 12:27:03 ---> Creating GPO HAD-BitLocker-PIN-Enabled-Win10-11
2023-10-30 12:27:03 ---> GPO HAD-BitLocker-PIN-Enabled-Win10-11 has been created.
2023-10-30 12:27:03 ---> Trying to import datas of GPO HAD-BitLocker-PIN-Enabled-Win10-11 :
2023-10-30 12:27:03 ---> Importing datas of GPO without translated.migtable
2023-10-30 12:27:03 ---! Failed to import Datas of GPO HAD-BitLocker-PIN-Enabled-Win10-11
2023-10-30 12:27:03 ---> Deny permission has been applied on GPO HAD-BitLocker-PIN-Enabled-Win10-11
2023-10-30 12:27:03 ---> Apply permission has been applied on HAD-BitLocker-PIN-Enabled-Win10-11
2023-10-30 12:27:03 ---> Permission for authenticated users has been reset on HAD-BitLocker-PIN-Enabled-Win10-11
2023-10-30 12:27:04 ---> GPO HAD-BitLocker-PIN-Enabled-Win10-11 has been linked to OU OU=Workstations,OU=Harden_T0,DC=harden,DC=lab
2023-10-30 12:27:04 ---> GPO HAD-BitLocker-PIN-Enabled-Win10-11 has been linked to OU OU=Workstations,OU=Harden_T12,DC=harden,DC=lab
2023-10-30 12:27:04  
2023-10-30 12:27:04 ---> Creating GPO HAD-BitLocker-USB-Win10-11
2023-10-30 12:27:04 ---> GPO HAD-BitLocker-USB-Win10-11 has been created.
2023-10-30 12:27:04 ---> Trying to import datas of GPO HAD-BitLocker-USB-Win10-11 :
2023-10-30 12:27:04 ---> Importing datas of GPO without translated.migtable
2023-10-30 12:27:04 ---> Success
2023-10-30 12:27:04 ---> Datas of GPO HAD-BitLocker-USB-Win10-11 has been imported.
2023-10-30 12:27:04 ---> WMI Filter of GPO HAD-BitLocker-USB-Win10-11 has been set.
2023-10-30 12:27:05 ---> Deny permission has been applied on GPO HAD-BitLocker-USB-Win10-11
2023-10-30 12:27:05 ---> Apply permission has been applied on HAD-BitLocker-USB-Win10-11
2023-10-30 12:27:05 ---> Permission for authenticated users has been reset on HAD-BitLocker-USB-Win10-11
2023-10-30 12:27:05 ---> GPO HAD-BitLocker-USB-Win10-11 has been linked to OU OU=Workstations,OU=Harden_T0,DC=harden,DC=lab
2023-10-30 12:27:05 ---> GPO HAD-BitLocker-USB-Win10-11 has been linked to OU OU=Workstations,OU=Harden_T12,DC=harden,DC=lab
2023-10-30 12:27:05 ---> GPO HAD-BloodHound-Mitigation already exists.
2023-10-30 12:27:05 ---> GPO HAD-Camera-on-lockon-Disabled already exists.
2023-10-30 12:27:05 ---> GPO HAD-DCLocaltor-Configuration already exists.
2023-10-30 12:27:05 ---> GPO HAD-DistributedFileSystem-Disabled already exists.
2023-10-30 12:27:05 ---> GPO HAD-FIPS-Enabled already exists.
2023-10-30 12:27:05 ---> GPO HAD-Firewall-Audit-Only already exists.
2023-10-30 12:27:05 ---> GPO HAD-Firewall-Block-Inbound already exists.
2023-10-30 12:27:05 ---> GPO HAD-GPO-Refresh-Cycle already exists.
2023-10-30 12:27:05 ---> GPO HAD-IPv6-Disabled already exists.
2023-10-30 12:27:05 ---> GPO HAD-Kerberos-AES-Enabled already exists.
2023-10-30 12:27:05 ---> GPO HAD-LAPS-Configuration already exists.
2023-10-30 12:27:05 ---> GPO HAD-LAPS-X64-Deployment already exists.
2023-10-30 12:27:05 ---> GPO HAD-LAPS-X86-Deployment already exists.
2023-10-30 12:27:05 ---> GPO HAD-LDAP-Audit-Enabled already exists.
2023-10-30 12:27:05 ---> GPO HAD-LDAP-CBT-Enabled already exists.
2023-10-30 12:27:05 ---> GPO HAD-LDAP-Client-Signing-Not-Required already exists.
2023-10-30 12:27:05 ---> GPO HAD-LDAP-Client-Signing-Required already exists.
2023-10-30 12:27:05 ---> GPO HAD-LDAP-Server-Signing-Required already exists.
2023-10-30 12:27:05 ---> GPO HAD-LLMNR-Disabled already exists.
2023-10-30 12:27:05 ---> GPO HAD-LMHASH-Disabled already exists.
2023-10-30 12:27:05 ---> GPO HAD-LocalAdmins-Paw already exists.
2023-10-30 12:27:05 ---> GPO HAD-LocalAdmins-PawT0 already exists.
2023-10-30 12:27:05 ---> GPO HAD-LocalAdmins-PawT12L already exists.
2023-10-30 12:27:05 ---> GPO HAD-LocalAdmins-T0-Srv already exists.
2023-10-30 12:27:05 ---> GPO HAD-LocalAdmins-T0-Wks already exists.
2023-10-30 12:27:05 ---> GPO HAD-LocalAdmins-T1 already exists.
2023-10-30 12:27:05 ---> GPO HAD-LocalAdmins-T1L already exists.
2023-10-30 12:27:05 ---> GPO HAD-LocalAdmins-T2 already exists.
2023-10-30 12:27:05 ---> GPO HAD-LocalAdmins-T2L already exists.
2023-10-30 12:27:06 ---> GPO HAD-Local-Accounts-Config already exists.
2023-10-30 12:27:06 ---> GPO HAD-LoginRestrictions-Paw already exists.
2023-10-30 12:27:06 ---> GPO HAD-LoginRestrictions-PawT0 already exists.
2023-10-30 12:27:06 ---> GPO HAD-LoginRestrictions-PawT12L already exists.
2023-10-30 12:27:06 ---> GPO HAD-LoginRestrictions-T0 already exists.
2023-10-30 12:27:06 ---> GPO HAD-LoginRestrictions-T1 already exists.
2023-10-30 12:27:06 ---> GPO HAD-LoginRestrictions-T1L already exists.
2023-10-30 12:27:06 ---> GPO HAD-LoginRestrictions-T2 already exists.
2023-10-30 12:27:06 ---> GPO HAD-LoginRestrictions-T2L already exists.
2023-10-30 12:27:06 ---> GPO HAD-Logon-Cache-0 already exists.
2023-10-30 12:27:06 ---> GPO HAD-Logon-Cache-2 already exists.
2023-10-30 12:27:06 ---> GPO HAD-MSLive-Accounts-Disabled already exists.
2023-10-30 12:27:06 ---> GPO HAD-NBT-NS-Disabled already exists.
2023-10-30 12:27:06 ---> GPO HAD-NTLM-Audit-Enabled already exists.
2023-10-30 12:27:06 ---> GPO HAD-NTLM1-LMx-Disabled already exists.
2023-10-30 12:27:06 ---> GPO HAD-NTLMv2-128bits-Required already exists.
2023-10-30 12:27:06 ---> GPO HAD-PageFile-Shutdown-Cleared already exists.
2023-10-30 12:27:06 ---> GPO HAD-PowerShell-Logs already exists.
2023-10-30 12:27:06 ---> GPO HAD-Print-Spooler-Disabled already exists.
2023-10-30 12:27:06 ---> GPO HAD-Reset-KRBTGT-Password already exists.
2023-10-30 12:27:06 ---> GPO HAD-RDP-Disabled already exists.
2023-10-30 12:27:06 ---> GPO HAD-RDP-Enabled already exists.
2023-10-30 12:27:06 ---> GPO HAD-RDP-NLA-Enabled already exists.
2023-10-30 12:27:06 ---> GPO HAD-Remote-Assistance-Disabled already exists.
2023-10-30 12:27:06 ---> GPO HAD-Screenlock-Enabled already exists.
2023-10-30 12:27:06 ---> GPO HAD-Secure-NetLogon already exists.
2023-10-30 12:27:06 ---> GPO HAD-Security-Logs already exists.
2023-10-30 12:27:06 ---> GPO HAD-Smart-Card-Required already exists.
2023-10-30 12:27:06 ---> GPO HAD-SMB-Signing-Configuration already exists.
2023-10-30 12:27:06 ---> GPO HAD-SMB1-Audit-Enabled already exists.
2023-10-30 12:27:06 ---> GPO HAD-SMB1-Client-Only-Enabled already exists.
2023-10-30 12:27:06 ---> GPO HAD-SMB1-Disabled already exists.
2023-10-30 12:27:06 ---> GPO HAD-SMB1-Enabled already exists.
2023-10-30 12:27:06 ---> GPO HAD-SMB1-Server-Only-Enabled already exists.
2023-10-30 12:27:06 ---> GPO HAD-SSL2-SSL3-Disabled already exists.
2023-10-30 12:27:06 ---> GPO HAD-SSL2-SSL3-Enabled already exists.
2023-10-30 12:27:06 ---> GPO HAD-Svc-Browser-Disabled already exists.
2023-10-30 12:27:06 ---> GPO HAD-Svc-Server-Disabled already exists.
2023-10-30 12:27:06 ---> GPO HAD-TS-Local-admins-groups already exists.
2023-10-30 12:27:06 ---> GPO HAD-TS-PDC-Flush-admin-groups already exists.
2023-10-30 12:27:06 ---> GPO HAD-UAC-Enabled already exists.
2023-10-30 12:27:06 ---> GPO HAD-WDigest-Disabled already exists.
2023-10-30 12:27:06 ---> GPO HAD-Windows-Defender-Config already exists.
2023-10-30 12:27:06 ---> GPO HAD-Windows11-Update-Blocked already exists.
2023-10-30 12:27:06 ---> GPO HAD-WinRM-Basic-Digest-Auth-Disabled already exists.
2023-10-30 12:27:06 ---> GPO HAD-WebProxyAutoDiscovery-Disabled already exists.
2023-10-30 12:27:06 ---> GPO HAD-QwantSearch already exists.
2023-10-30 12:27:06 ---> GPO HAD-LDAP-Audit-Disabled already exists.
2023-10-30 12:27:06 ---> GPO HAD-TLS-1_0-Disabled already exists.
2023-10-30 12:27:06 ---> GPO HAD-TLS-1_0-Enabled already exists.
2023-10-30 12:27:06 ---> GPO HAD-TLS-1_1-Disabled already exists.
2023-10-30 12:27:06 ---> GPO HAD-TLS-1_1-Enabled already exists.
2023-10-30 12:27:06 ---> GPO HAD-TLS-1_2-Disabled already exists.
2023-10-30 12:27:06 ---> GPO HAD-TLS-1_2-Enabled already exists.
2023-10-30 12:27:06 ---> function return RESULT: 0
2023-10-30 12:27:06 ===| INIT  ROTATIVE  LOG 
2023-10-30 12:27:06 ===| STOP  ROTATIVE  LOG 
2023-10-30 12:27:06 **** 
2023-10-30 12:27:06 **** FUNCTION ENDS
2023-10-30 12:27:06 **** 
2023-10-30 12:32:20 ****
2023-10-30 12:32:20 **** FUNCTION STARTS
2023-10-30 12:32:20 ****
2023-10-30 12:32:20 ---> Function caller..........: <ScriptBlock>
2023-10-30 12:32:20 ---> xml skeleton file........: loaded successfully
2023-10-30 12:32:20 ---> Recovering GPOs data from xml file : success
2023-10-30 12:32:20 ---> GPO HAD-Auto-Update-S1-Thu-0h-Srv already exists.
2023-10-30 12:32:20 ---> GPO HAD-Auto-Update-S1-Thu-1h-Srv already exists.
2023-10-30 12:32:20 ---> GPO HAD-Auto-Update-S3-Thu-0h-Srv already exists.
2023-10-30 12:32:20 ---> GPO HAD-Auto-Update-S3-Thu-1h-Srv already exists.
2023-10-30 12:32:20 ---> GPO HAD-Auto-Update-S4-Thu-0h-Srv already exists.
2023-10-30 12:32:20 ---> GPO HAD-Auto-Update-S4-Thu-1h-Srv already exists.
2023-10-30 12:32:20 ---> GPO HAD-Auto-Update-Win10-11 already exists.
2023-10-30 12:32:20 ---> GPO HAD-Auto-Update-Win7-8 already exists.
2023-10-30 12:32:20  
2023-10-30 12:32:20 ---> Creating GPO HAD-BitLocker-TPMOnly-Enabled-Win10-11
2023-10-30 12:32:20 ---> GPO HAD-BitLocker-TPMOnly-Enabled-Win10-11 has been created.
2023-10-30 12:32:20 ---> Trying to import datas of GPO HAD-BitLocker-TPMOnly-Enabled-Win10-11 :
2023-10-30 12:32:20 ---> Importing datas of GPO without translated.migtable
2023-10-30 12:32:21 ---> Success
2023-10-30 12:32:21 ---> Datas of GPO HAD-BitLocker-TPMOnly-Enabled-Win10-11 has been imported.
2023-10-30 12:32:24 ---> WMI Filter of GPO HAD-BitLocker-TPMOnly-Enabled-Win10-11 has been set.
2023-10-30 12:32:24 ---> Deny permission has been applied on GPO HAD-BitLocker-TPMOnly-Enabled-Win10-11
2023-10-30 12:32:24 ---> Apply permission has been applied on HAD-BitLocker-TPMOnly-Enabled-Win10-11
2023-10-30 12:32:24 ---> Permission for authenticated users has been reset on HAD-BitLocker-TPMOnly-Enabled-Win10-11
2023-10-30 12:32:24 ---> GPO HAD-BitLocker-TPMOnly-Enabled-Win10-11 has been linked to OU OU=Workstations,OU=Harden_T0,DC=harden,DC=lab
2023-10-30 12:32:24 ---> GPO HAD-BitLocker-TPMOnly-Enabled-Win10-11 has been linked to OU OU=Workstations,OU=Harden_T12,DC=harden,DC=lab
2023-10-30 12:32:24  
2023-10-30 12:32:24 ---> Creating GPO HAD-BitLocker-PIN-Enabled-Win10-11
2023-10-30 12:32:25 ---> GPO HAD-BitLocker-PIN-Enabled-Win10-11 has been created.
2023-10-30 12:32:25 ---> Trying to import datas of GPO HAD-BitLocker-PIN-Enabled-Win10-11 :
2023-10-30 12:32:25 ---> Importing datas of GPO without translated.migtable
2023-10-30 12:32:25 ---> Success
2023-10-30 12:32:25 ---> Datas of GPO HAD-BitLocker-PIN-Enabled-Win10-11 has been imported.
2023-10-30 12:32:26 ---> WMI Filter of GPO HAD-BitLocker-PIN-Enabled-Win10-11 has been set.
2023-10-30 12:32:26 ---> Deny permission has been applied on GPO HAD-BitLocker-PIN-Enabled-Win10-11
2023-10-30 12:32:27 ---> Apply permission has been applied on HAD-BitLocker-PIN-Enabled-Win10-11
2023-10-30 12:32:27 ---> Permission for authenticated users has been reset on HAD-BitLocker-PIN-Enabled-Win10-11
2023-10-30 12:32:27 ---> GPO HAD-BitLocker-PIN-Enabled-Win10-11 has been linked to OU OU=Workstations,OU=Harden_T0,DC=harden,DC=lab
2023-10-30 12:32:27 ---> GPO HAD-BitLocker-PIN-Enabled-Win10-11 has been linked to OU OU=Workstations,OU=Harden_T12,DC=harden,DC=lab
2023-10-30 12:32:27  
2023-10-30 12:32:27 ---> Creating GPO HAD-BitLocker-USB-Win10-11
2023-10-30 12:32:27 ---> GPO HAD-BitLocker-USB-Win10-11 has been created.
2023-10-30 12:32:27 ---> Trying to import datas of GPO HAD-BitLocker-USB-Win10-11 :
2023-10-30 12:32:27 ---> Importing datas of GPO without translated.migtable
2023-10-30 12:32:27 ---> Success
2023-10-30 12:32:27 ---> Datas of GPO HAD-BitLocker-USB-Win10-11 has been imported.
2023-10-30 12:32:27 ---> WMI Filter of GPO HAD-BitLocker-USB-Win10-11 has been set.
2023-10-30 12:32:28 ---> Deny permission has been applied on GPO HAD-BitLocker-USB-Win10-11
2023-10-30 12:32:28 ---> Apply permission has been applied on HAD-BitLocker-USB-Win10-11
2023-10-30 12:32:28 ---> Permission for authenticated users has been reset on HAD-BitLocker-USB-Win10-11
2023-10-30 12:32:28 ---> GPO HAD-BitLocker-USB-Win10-11 has been linked to OU OU=Workstations,OU=Harden_T0,DC=harden,DC=lab
2023-10-30 12:32:28 ---> GPO HAD-BitLocker-USB-Win10-11 has been linked to OU OU=Workstations,OU=Harden_T12,DC=harden,DC=lab
2023-10-30 12:32:28 ---> GPO HAD-BloodHound-Mitigation already exists.
2023-10-30 12:32:28 ---> GPO HAD-Camera-on-lockon-Disabled already exists.
2023-10-30 12:32:28 ---> GPO HAD-DCLocaltor-Configuration already exists.
2023-10-30 12:32:28 ---> GPO HAD-DistributedFileSystem-Disabled already exists.
2023-10-30 12:32:28 ---> GPO HAD-FIPS-Enabled already exists.
2023-10-30 12:32:28 ---> GPO HAD-Firewall-Audit-Only already exists.
2023-10-30 12:32:28 ---> GPO HAD-Firewall-Block-Inbound already exists.
2023-10-30 12:32:28 ---> GPO HAD-GPO-Refresh-Cycle already exists.
2023-10-30 12:32:28 ---> GPO HAD-IPv6-Disabled already exists.
2023-10-30 12:32:28 ---> GPO HAD-Kerberos-AES-Enabled already exists.
2023-10-30 12:32:28 ---> GPO HAD-LAPS-Configuration already exists.
2023-10-30 12:32:28 ---> GPO HAD-LAPS-X64-Deployment already exists.
2023-10-30 12:32:28 ---> GPO HAD-LAPS-X86-Deployment already exists.
2023-10-30 12:32:28 ---> GPO HAD-LDAP-Audit-Enabled already exists.
2023-10-30 12:32:28 ---> GPO HAD-LDAP-CBT-Enabled already exists.
2023-10-30 12:32:28 ---> GPO HAD-LDAP-Client-Signing-Not-Required already exists.
2023-10-30 12:32:28 ---> GPO HAD-LDAP-Client-Signing-Required already exists.
2023-10-30 12:32:28 ---> GPO HAD-LDAP-Server-Signing-Required already exists.
2023-10-30 12:32:28 ---> GPO HAD-LLMNR-Disabled already exists.
2023-10-30 12:32:28 ---> GPO HAD-LMHASH-Disabled already exists.
2023-10-30 12:32:28 ---> GPO HAD-LocalAdmins-Paw already exists.
2023-10-30 12:32:28 ---> GPO HAD-LocalAdmins-PawT0 already exists.
2023-10-30 12:32:28 ---> GPO HAD-LocalAdmins-PawT12L already exists.
2023-10-30 12:32:28 ---> GPO HAD-LocalAdmins-T0-Srv already exists.
2023-10-30 12:32:28 ---> GPO HAD-LocalAdmins-T0-Wks already exists.
2023-10-30 12:32:28 ---> GPO HAD-LocalAdmins-T1 already exists.
2023-10-30 12:32:28 ---> GPO HAD-LocalAdmins-T1L already exists.
2023-10-30 12:32:29 ---> GPO HAD-LocalAdmins-T2 already exists.
2023-10-30 12:32:29 ---> GPO HAD-LocalAdmins-T2L already exists.
2023-10-30 12:32:29 ---> GPO HAD-Local-Accounts-Config already exists.
2023-10-30 12:32:29 ---> GPO HAD-LoginRestrictions-Paw already exists.
2023-10-30 12:32:29 ---> GPO HAD-LoginRestrictions-PawT0 already exists.
2023-10-30 12:32:29 ---> GPO HAD-LoginRestrictions-PawT12L already exists.
2023-10-30 12:32:29 ---> GPO HAD-LoginRestrictions-T0 already exists.
2023-10-30 12:32:29 ---> GPO HAD-LoginRestrictions-T1 already exists.
2023-10-30 12:32:29 ---> GPO HAD-LoginRestrictions-T1L already exists.
2023-10-30 12:32:29 ---> GPO HAD-LoginRestrictions-T2 already exists.
2023-10-30 12:32:29 ---> GPO HAD-LoginRestrictions-T2L already exists.
2023-10-30 12:32:29 ---> GPO HAD-Logon-Cache-0 already exists.
2023-10-30 12:32:29 ---> GPO HAD-Logon-Cache-2 already exists.
2023-10-30 12:32:29 ---> GPO HAD-MSLive-Accounts-Disabled already exists.
2023-10-30 12:32:29 ---> GPO HAD-NBT-NS-Disabled already exists.
2023-10-30 12:32:29 ---> GPO HAD-NTLM-Audit-Enabled already exists.
2023-10-30 12:32:29 ---> GPO HAD-NTLM1-LMx-Disabled already exists.
2023-10-30 12:32:29 ---> GPO HAD-NTLMv2-128bits-Required already exists.
2023-10-30 12:32:29 ---> GPO HAD-PageFile-Shutdown-Cleared already exists.
2023-10-30 12:32:29 ---> GPO HAD-PowerShell-Logs already exists.
2023-10-30 12:32:29 ---> GPO HAD-Print-Spooler-Disabled already exists.
2023-10-30 12:32:29 ---> GPO HAD-Reset-KRBTGT-Password already exists.
2023-10-30 12:32:29 ---> GPO HAD-RDP-Disabled already exists.
2023-10-30 12:32:29 ---> GPO HAD-RDP-Enabled already exists.
2023-10-30 12:32:29 ---> GPO HAD-RDP-NLA-Enabled already exists.
2023-10-30 12:32:29 ---> GPO HAD-Remote-Assistance-Disabled already exists.
2023-10-30 12:32:29 ---> GPO HAD-Screenlock-Enabled already exists.
2023-10-30 12:32:29 ---> GPO HAD-Secure-NetLogon already exists.
2023-10-30 12:32:29 ---> GPO HAD-Security-Logs already exists.
2023-10-30 12:32:29 ---> GPO HAD-Smart-Card-Required already exists.
2023-10-30 12:32:29 ---> GPO HAD-SMB-Signing-Configuration already exists.
2023-10-30 12:32:29 ---> GPO HAD-SMB1-Audit-Enabled already exists.
2023-10-30 12:32:29 ---> GPO HAD-SMB1-Client-Only-Enabled already exists.
2023-10-30 12:32:29 ---> GPO HAD-SMB1-Disabled already exists.
2023-10-30 12:32:29 ---> GPO HAD-SMB1-Enabled already exists.
2023-10-30 12:32:29 ---> GPO HAD-SMB1-Server-Only-Enabled already exists.
2023-10-30 12:32:29 ---> GPO HAD-SSL2-SSL3-Disabled already exists.
2023-10-30 12:32:29 ---> GPO HAD-SSL2-SSL3-Enabled already exists.
2023-10-30 12:32:29 ---> GPO HAD-Svc-Browser-Disabled already exists.
2023-10-30 12:32:29 ---> GPO HAD-Svc-Server-Disabled already exists.
2023-10-30 12:32:29 ---> GPO HAD-TS-Local-admins-groups already exists.
2023-10-30 12:32:29 ---> GPO HAD-TS-PDC-Flush-admin-groups already exists.
2023-10-30 12:32:29 ---> GPO HAD-UAC-Enabled already exists.
2023-10-30 12:32:29 ---> GPO HAD-WDigest-Disabled already exists.
2023-10-30 12:32:29 ---> GPO HAD-Windows-Defender-Config already exists.
2023-10-30 12:32:29 ---> GPO HAD-Windows11-Update-Blocked already exists.
2023-10-30 12:32:29 ---> GPO HAD-WinRM-Basic-Digest-Auth-Disabled already exists.
2023-10-30 12:32:29 ---> GPO HAD-WebProxyAutoDiscovery-Disabled already exists.
2023-10-30 12:32:29 ---> GPO HAD-QwantSearch already exists.
2023-10-30 12:32:29 ---> GPO HAD-LDAP-Audit-Disabled already exists.
2023-10-30 12:32:29 ---> GPO HAD-TLS-1_0-Disabled already exists.
2023-10-30 12:32:29 ---> GPO HAD-TLS-1_0-Enabled already exists.
2023-10-30 12:32:29 ---> GPO HAD-TLS-1_1-Disabled already exists.
2023-10-30 12:32:29 ---> GPO HAD-TLS-1_1-Enabled already exists.
2023-10-30 12:32:29 ---> GPO HAD-TLS-1_2-Disabled already exists.
2023-10-30 12:32:29 ---> GPO HAD-TLS-1_2-Enabled already exists.
2023-10-30 12:32:29 ---> function return RESULT: 0
2023-10-30 12:32:29 ===| INIT  ROTATIVE  LOG 
2023-10-30 12:32:29 ===| STOP  ROTATIVE  LOG 
2023-10-30 12:32:29 **** 
2023-10-30 12:32:29 **** FUNCTION ENDS
2023-10-30 12:32:29 **** 
